<?xml version="1.0" encoding="UTF-8"?>
<!-- Generated by org.testng.reporters.JUnitReportReporter -->
<testsuite hostname="DESKTOP-POP5FHO" failures="0" tests="1" name="TestCases.TC_login_001" time="1.011" errors="0" timestamp="2023-09-09T14:45:46 IST" skipped="0">
  <testcase classname="TestCases.TC_login_001" name="LoginTest" time="1.011"/>
</testsuite> <!-- TestCases.TC_login_001 -->
