<?xml version="1.0" encoding="UTF-8"?>
<!-- Generated by org.testng.reporters.JUnitReportReporter -->
<testsuite hostname="DESKTOP-POP5FHO" failures="0" tests="1" name="TestCases.TC_login_001" time="0.943" errors="0" timestamp="2023-09-09T15:10:50 IST" skipped="0">
  <testcase classname="TestCases.TC_login_001" name="LoginTest" time="0.943"/>
</testsuite> <!-- TestCases.TC_login_001 -->
